


ARM Macro Assembler    Page 1 


    1 00000000                 AREA             LARGEST, CODE, READONLY
    2 00000000         
    3 00000000         ENTRY                                ;Mark first instruc
                                                            tion to execute 
    4 00000000         
    5 00000000         START
    6 00000000 E3A05006        MOV              R5,#6       ; INTIALISE COUNTER
                                                             TO 6(i.e. N=7)   
    7 00000004 E59F104C        LDR              R1,=VALUE1  ; LOADS THE ADDRESS
                                                             OF FIRST VALUE  
    8 00000008 E4912004        LDR              R2,[R1],#4  ; WORD ALIGN To ARR
                                                            AY ELEMENT  
    9 0000000C         LOOP
   10 0000000C E4914004        LDR              R4,[R1],#4  ; WORD ALIGN To ARR
                                                            AY ELEMENT   
   11 00000010 E1520004        CMP              R2,R4       ; COMPARE NUMBERS  
                                                            
   12 00000014 8A000000        BHI              LOOP1       ; IF THE FIRST NUMB
                                                            ER IS > THEN GOTO L
                                                            OOP1 
   13 00000018         
   14 00000018 E1A02004        MOV              R2,R4       ; IF THE FIRST NUMB
                                                            ER IS < THEN MOV CO
                                                            NTENT R4 TO R2 
   15 0000001C         
   16 0000001C         LOOP1
   17 0000001C E2555001        SUBS             R5,R5,#1    ; DECREMENT COUNTER
                                                              
   18 00000020 E3550000        CMP              R5,#0       ; COMPARE COUNTER T
                                                            O 0  
   19 00000024 1AFFFFF8        BNE              LOOP        ; LOOP BACK TILL AR
                                                            RAY ENDS 
   20 00000028         
   21 00000028 E59F402C        LDR              R4,=RESULT  ; LOADS THE ADDRESS
                                                             OF RESULT   
   22 0000002C E5842000        STR              R2,[R4]     ; STORES THE RESULT
                                                             IN R1  
   23 00000030 E1A00000        NOP
   24 00000034 E1A00000        NOP
   25 00000038 E1A00000        NOP
   26 0000003C         ; ARRAY OF 32 BIT NUMBERS(N=7) 
   27 0000003C         
   28 0000003C 44444444 
                       VALUE1  DCD              0X44444444  ;   
   29 00000040 22222222        DCD              0X22222222  ;   
   30 00000044 11111111        DCD              0X11111111  ;   
   31 00000048 33333333        DCD              0X33333333  ;   
   32 0000004C AAAAAAAA        DCD              0XAAAAAAAA  ;   
   33 00000050 88888888        DCD              0X88888888  ;   
   34 00000054 99999999        DCD              0X99999999  ; 
   35 00000058         
   36 00000058 00000000 
              00000000         AREA             DATA2, DATA, READWRITE ; TO STO
                                                            RE RESULT IN GIVEN 
                                                            ADDRESS 
   37 00000000 00000000 
                       RESULT  DCD              0X00
   38 00000004                 END                          ; Mark end of file
Command Line: --debug --xref --diag_suppress=9931 --apcs=interwork --depend=.\o



ARM Macro Assembler    Page 2 


bjects\largest.d -o.\objects\largest.o -IC:\Keil_v5\ARM\RV31\INC -IC:\Keil_v5\A
RM\CMSIS\Include -IC:\Keil_v5\ARM\INC\Philips --predefine="__EVAL SETA 1" --pre
define="__UVISION_VERSION SETA 529" --list=.\listings\largest.lst largest.asm



ARM Macro Assembler    Page 1 Alphabetic symbol ordering
Relocatable symbols

ENTRY 00000000

Symbol: ENTRY
   Definitions
      At line 3 in file largest.asm
   Uses
      None
Comment: ENTRY unused
LARGEST 00000000

Symbol: LARGEST
   Definitions
      At line 1 in file largest.asm
   Uses
      None
Comment: LARGEST unused
LOOP 0000000C

Symbol: LOOP
   Definitions
      At line 9 in file largest.asm
   Uses
      At line 19 in file largest.asm
Comment: LOOP used once
LOOP1 0000001C

Symbol: LOOP1
   Definitions
      At line 16 in file largest.asm
   Uses
      At line 12 in file largest.asm
Comment: LOOP1 used once
START 00000000

Symbol: START
   Definitions
      At line 5 in file largest.asm
   Uses
      None
Comment: START unused
VALUE1 0000003C

Symbol: VALUE1
   Definitions
      At line 28 in file largest.asm
   Uses
      At line 7 in file largest.asm
Comment: VALUE1 used once
6 symbols



ARM Macro Assembler    Page 1 Alphabetic symbol ordering
Relocatable symbols

DATA2 00000000

Symbol: DATA2
   Definitions
      At line 36 in file largest.asm
   Uses
      None
Comment: DATA2 unused
RESULT 00000000

Symbol: RESULT
   Definitions
      At line 37 in file largest.asm
   Uses
      At line 21 in file largest.asm
Comment: RESULT used once
2 symbols
342 symbols in table
