


ARM Macro Assembler    Page 1 


    1 00000000                 AREA             ASCENDING, CODE, READONLY
    2 00000000         
    3 00000000         ENTRY                                ;Mark first instruc
                                                            tion to execute 
    4 00000000         
    5 00000000         START
    6 00000000 E3A08004        MOV              R8,#4       ; INTIALISE COUNTER
                                                             TO 4(i.e. N=4)    
                                                             
    7 00000004 E59F2070        LDR              R2,=CVALUE  ; ADDRESS OF CODE R
                                                            EGION    
    8 00000008 E59F3070        LDR              R3,=DVALUE  ; ADDRESS OF DATA R
                                                            EGION 
    9 0000000C         
   10 0000000C         BACK
   11 0000000C E4921004        LDR              R1,[R2],#4  ;  LOADING VALUES F
                                                            ROM CODE REGION    
                                                            
   12 00000010 E4831004        STR              R1,[R3],#4  ;  STORING VALUES T
                                                            O DATA REGION 
   13 00000014         
   14 00000014 E2588001        SUBS             R8,R8,#1    ; DECREMENT COUNTER
                                                                
   15 00000018 E3580000        CMP              R8,#0       ; COMPARE COUNTER T
                                                            O 0    
   16 0000001C 1AFFFFFA        BNE              BACK        ; LOOP BACK TILL AR
                                                            RAY ENDS    
   17 00000020         
   18 00000020         START1
   19 00000020 E3A05003        MOV              R5,#3       ; INTIALISE COUNTER
                                                             TO 3(i.e. N=4)    
                                                            
   20 00000024 E3A07000        MOV              R7,#0       ; FLAG TO DENOTE EX
                                                            CHANGE HAS OCCURED 
                                                                 
   21 00000028 E59F1050        LDR              R1,=DVALUE  ; LOADS THE ADDRESS
                                                             OF FIRST VALUE    
                                                            
   22 0000002C         
   23 0000002C         LOOP
   24 0000002C E4912004        LDR              R2,[R1],#4  ; WORD ALIGN To ARR
                                                            AY ELEMENT     
   25 00000030 E5913000        LDR              R3,[R1]     ; LOAD SECOND NUMBE
                                                            R    
   26 00000034 E1520003        CMP              R2,R3       ; COMPARE NUMBERS  
                                                              
   27 00000038 CA000003        BGT              LOOP2       ; IF THE FIRST NUMB
                                                            ER IS > THEN GOTO L
                                                            OOP2    
   28 0000003C E4012004        STR              R2,[R1],#-4 ; INTERCHANGE NUMBE
                                                            R R2 & R3    
   29 00000040 E5813000        STR              R3,[R1]     ; INTERCHANGE NUMBE
                                                            R R2 & R3    
   30 00000044 E3A07001        MOV              R7,#1       ; FLAG DENOTING EXC
                                                            HANGE HAS TAKEN PLA
                                                            CE    
   31 00000048 E2811004        ADD              R1,#4       ; RESTORE THE PTR 
   32 0000004C         
   33 0000004C         LOOP2



ARM Macro Assembler    Page 2 


   34 0000004C E2555001        SUBS             R5,R5,#1    ; DECREMENT COUNTER
                                                                
   35 00000050 E3550000        CMP              R5,#0       ; COMPARE COUNTER T
                                                            O 0    
   36 00000054 1AFFFFF4        BNE              LOOP        ; LOOP BACK TILL AR
                                                            RAY ENDS 
   37 00000058         
   38 00000058 E3570000        CMP              R7,#0       ; COMPARING FLAG   
                                                              
   39 0000005C 1AFFFFEF        BNE              START1      ; IF FLAG IS NOT ZE
                                                            RO THEN GO TO START
                                                            1 LOOP
   40 00000060 E1A00000        NOP
   41 00000064 E1A00000        NOP
   42 00000068 E1A00000        NOP
   43 0000006C         
   44 0000006C         ; ARRAY OF 32 BIT NUMBERS (N=4) IN THE CODE REGION 
   45 0000006C         
   46 0000006C 44444444 
                       CVALUE  DCD              0X44444444  ;   
   47 00000070 11111111        DCD              0X11111111  ;   
   48 00000074 33333333        DCD              0X33333333  ;   
   49 00000078 22222222        DCD              0X22222222  ;     
   50 0000007C         
   51 0000007C 00000000 
              00000000 
              00000000         AREA             DATA1, DATA, READWRITE ; 
   52 00000000         ; ARRAY OF 32 BIT NUMBERS IN THE DATA REGION 
   53 00000000         
   54 00000000         DVALUE
   55 00000000 00000000        DCD              0X00000000  ;        
   56 00000004                 END                          ; Mark end of file
Command Line: --debug --xref --diag_suppress=9931 --apcs=interwork --depend=.\o
bjects\descending.d -o.\objects\descending.o -IC:\Keil_v5\ARM\RV31\INC -IC:\Kei
l_v5\ARM\CMSIS\Include -IC:\Keil_v5\ARM\INC\Philips --predefine="__EVAL SETA 1"
 --predefine="__UVISION_VERSION SETA 529" --list=.\listings\descending.lst desc
ending.asm



ARM Macro Assembler    Page 1 Alphabetic symbol ordering
Relocatable symbols

ASCENDING 00000000

Symbol: ASCENDING
   Definitions
      At line 1 in file descending.asm
   Uses
      None
Comment: ASCENDING unused
BACK 0000000C

Symbol: BACK
   Definitions
      At line 10 in file descending.asm
   Uses
      At line 16 in file descending.asm
Comment: BACK used once
CVALUE 0000006C

Symbol: CVALUE
   Definitions
      At line 46 in file descending.asm
   Uses
      At line 7 in file descending.asm
Comment: CVALUE used once
ENTRY 00000000

Symbol: ENTRY
   Definitions
      At line 3 in file descending.asm
   Uses
      None
Comment: ENTRY unused
LOOP 0000002C

Symbol: LOOP
   Definitions
      At line 23 in file descending.asm
   Uses
      At line 36 in file descending.asm
Comment: LOOP used once
LOOP2 0000004C

Symbol: LOOP2
   Definitions
      At line 33 in file descending.asm
   Uses
      At line 27 in file descending.asm
Comment: LOOP2 used once
START 00000000

Symbol: START
   Definitions
      At line 5 in file descending.asm
   Uses
      None
Comment: START unused
START1 00000020

Symbol: START1



ARM Macro Assembler    Page 2 Alphabetic symbol ordering
Relocatable symbols

   Definitions
      At line 18 in file descending.asm
   Uses
      At line 39 in file descending.asm
Comment: START1 used once
8 symbols



ARM Macro Assembler    Page 1 Alphabetic symbol ordering
Relocatable symbols

DATA1 00000000

Symbol: DATA1
   Definitions
      At line 51 in file descending.asm
   Uses
      None
Comment: DATA1 unused
DVALUE 00000000

Symbol: DVALUE
   Definitions
      At line 54 in file descending.asm
   Uses
      At line 8 in file descending.asm
      At line 21 in file descending.asm

2 symbols
344 symbols in table
