


ARM Macro Assembler    Page 1 


    1 00000000         
    2 00000000                 AREA             ADDITION, CODE, READONLY
    3 00000000         
    4 00000000         ENTRY                                ;Mark first instruc
                                                            tion to execute 
    5 00000000         
    6 00000000         START
    7 00000000 E3A05006        MOV              R5,#6       ; INTIALISE COUNTER
                                                             TO 6(i.e. N=6)  
    8 00000004 E3A00000        MOV              R0,#0       ; INTIALISE SUM TO 
                                                            ZERO   
    9 00000008 E59F103C        LDR              R1,=VALUE1  ; LOADS THE ADDRESS
                                                             OF FIRST VALUE 
   10 0000000C         LOOP
   11 0000000C E4912002        LDR              R2,[R1],#2  ; WORD ALIGN To ARR
                                                            AY ELEMENT  
   12 00000010 E59F3024        LDR              R3,MASK     ; MASK To GET 16 BI
                                                            T  
   13 00000014 E0022003        AND              R2,R2,R3    ; MASK MSB  
   14 00000018 E0800002        ADD              R0,R0,R2    ; ADD THE ELEMENTS 
                                                             
   15 0000001C E2555001        SUBS             R5,R5,#1    ; DECREMENT COUNTER
                                                              
   16 00000020 E3550000        CMP              R5,#0       ;  
   17 00000024 1AFFFFF8        BNE              LOOP        ;  LOOK BACK TILL A
                                                            RRAY ENDS 
   18 00000028         
   19 00000028 E59F4020        LDR              R4,=RESULT  ; LOADS THE ADDRESS
                                                             OF RESULT   
   20 0000002C E5840000        STR              R0,[R4]     ; STORES THE RESULT
                                                             IN R1 
   21 00000030         
   22 00000030 E1A00000        NOP
   23 00000034 E1A00000        NOP
   24 00000038 E1A00000        NOP
   25 0000003C         
   26 0000003C 0000FFFF 
                       MASK    DCD              0X0000FFFF  ;  MASK MSB 
   27 00000040         
   28 00000040 11 11 22 
              22 33 33 
              AA AA BB 
              BB CC CC VALUE1  DCW              0X1111,0X2222,0X3333,0XAAAA,0XB
BBB,0XCCCC 
                                                            ;ARRAY OF 16BIT    
                                                                               
                                                                               
                                                                               
                                                                   
   29 0000004C         ;NUMBERS(N=6) 
   30 0000004C         
   31 0000004C 00000000 
              00000000         AREA             DATA2, DATA, READWRITE ; TO STO
                                                            RE RESULT IN GIVEN 
                                                            ADDRESS    
   32 00000000         
   33 00000000 00000000 
                       RESULT  DCD              0X0
   34 00000004         



ARM Macro Assembler    Page 2 


   35 00000004                 END                          ; Mark end of file
Command Line: --debug --xref --diag_suppress=9931 --apcs=interwork --depend=.\o
bjects\array.d -o.\objects\array.o -IC:\Keil_v5\ARM\RV31\INC -IC:\Keil_v5\ARM\C
MSIS\Include -IC:\Keil_v5\ARM\INC\Philips --predefine="__EVAL SETA 1" --predefi
ne="__UVISION_VERSION SETA 529" --list=.\listings\array.lst array.asm



ARM Macro Assembler    Page 1 Alphabetic symbol ordering
Relocatable symbols

ADDITION 00000000

Symbol: ADDITION
   Definitions
      At line 2 in file array.asm
   Uses
      None
Comment: ADDITION unused
ENTRY 00000000

Symbol: ENTRY
   Definitions
      At line 4 in file array.asm
   Uses
      None
Comment: ENTRY unused
LOOP 0000000C

Symbol: LOOP
   Definitions
      At line 10 in file array.asm
   Uses
      At line 17 in file array.asm
Comment: LOOP used once
MASK 0000003C

Symbol: MASK
   Definitions
      At line 26 in file array.asm
   Uses
      At line 12 in file array.asm
Comment: MASK used once
START 00000000

Symbol: START
   Definitions
      At line 6 in file array.asm
   Uses
      None
Comment: START unused
VALUE1 00000040

Symbol: VALUE1
   Definitions
      At line 28 in file array.asm
   Uses
      At line 9 in file array.asm
Comment: VALUE1 used once
6 symbols



ARM Macro Assembler    Page 1 Alphabetic symbol ordering
Relocatable symbols

DATA2 00000000

Symbol: DATA2
   Definitions
      At line 31 in file array.asm
   Uses
      None
Comment: DATA2 unused
RESULT 00000000

Symbol: RESULT
   Definitions
      At line 33 in file array.asm
   Uses
      At line 19 in file array.asm
Comment: RESULT used once
2 symbols
342 symbols in table
