


ARM Macro Assembler    Page 1 


    1 00000000                 AREA             ONEZERO, CODE, READONLY
    2 00000000         
    3 00000000         ENTRY                                ;Mark first instruc
                                                            tion to execute 
    4 00000000         
    5 00000000         START
    6 00000000 E3A02000        MOV              R2,#0       ; COUNTER FOR ONES 
                                                              
    7 00000004 E3A03000        MOV              R3,#0       ; COUNTER FOR ZEROS
                                                               
    8 00000008 E3A07001        MOV              R7,#1       ; COUNTER TO GET TW
                                                            O WORDS   
    9 0000000C E59F6040        LDR              R6,=VALUE   ; LOADS THE ADDRESS
                                                             OF VALUE 
   10 00000010         
   11 00000010         LOOP
   12 00000010 E3A01020        MOV              R1,#32      ; 32 BITS COUNTER  
                                                                
   13 00000014 E4960004        LDR              R0,[R6],#4  ; GET THE 32 BIT VA
                                                            LUE 
   14 00000018         
   15 00000018         BACK
   16 00000018 E1B000E0        MOVS             R0,R0,ROR #1 ; RIGHT SHIFT TO C
                                                            HECK CARRY BIT (1's
                                                            /0's)      
   17 0000001C 8A000001        BHI              ONES        ; IF CARRY BIT IS 1
                                                             GOTO ONES BRANCH O
                                                            THERWISE NEXT 
   18 00000020         
   19 00000020         ZEROS
   20 00000020 E2833001        ADD              R3,R3,#1    ; IF CARRY BIT IS 0
                                                             THEN INCREMENT THE
                                                             COUNTER BY 1(R3)  
                                                                
   21 00000024 EA000000        B                LOOP1       ; BRANCH TO LOOP1 
   22 00000028         
   23 00000028         ONES
   24 00000028 E2822001        ADD              R2,R2,#1    ; IF CARRY BIT IS 1
                                                             THEN INCREMENT THE
                                                             COUNTER BY 1(R2) 
   25 0000002C         
   26 0000002C         LOOP1
   27 0000002C E2511001        SUBS             R1,R1,#1    ; COUNTER VALUE DEC
                                                            REMENTED BY 1      
                                                            
   28 00000030 1AFFFFF8        BNE              BACK        ; IF NOT EQUAL GOTO
                                                             TO LOOP0 CHECKS 32
                                                            BIT      
   29 00000034 E2577001        SUBS             R7,R7,#1    ; COUNTER VALUE DEC
                                                            REMENTED BY 1     
   30 00000038 E3570000        CMP              R7,#0       ; COMPARE COUNTER R
                                                            7 TO 0   
   31 0000003C 1AFFFFF3        BNE              LOOP        ; IF NOT EQUAL GOTO
                                                             TO LOOP 
   32 00000040         
   33 00000040 E1A00000        NOP
   34 00000044 E1A00000        NOP
   35 00000048 E1A00000        NOP
   36 0000004C         



ARM Macro Assembler    Page 2 


   37 0000004C         VALUE
   38 0000004C 11111111        DCD              0X11111111
   39 00000050 AA55AA55        DCD              0XAA55AA55  ;   TWO VALUES IN A
                                                            N ARRAY  
   40 00000054         
   41 00000054                 END                          ; Mark end of file 
                                                            
              00000000 
Command Line: --debug --xref --diag_suppress=9931 --apcs=interwork --depend=.\o
bjects\count.d -o.\objects\count.o -IC:\Keil_v5\ARM\RV31\INC -IC:\Keil_v5\ARM\C
MSIS\Include -IC:\Keil_v5\ARM\INC\Philips --predefine="__EVAL SETA 1" --predefi
ne="__UVISION_VERSION SETA 529" --list=.\listings\count.lst count.asm



ARM Macro Assembler    Page 1 Alphabetic symbol ordering
Relocatable symbols

BACK 00000018

Symbol: BACK
   Definitions
      At line 15 in file count.asm
   Uses
      At line 28 in file count.asm
Comment: BACK used once
ENTRY 00000000

Symbol: ENTRY
   Definitions
      At line 3 in file count.asm
   Uses
      None
Comment: ENTRY unused
LOOP 00000010

Symbol: LOOP
   Definitions
      At line 11 in file count.asm
   Uses
      At line 31 in file count.asm
Comment: LOOP used once
LOOP1 0000002C

Symbol: LOOP1
   Definitions
      At line 26 in file count.asm
   Uses
      At line 21 in file count.asm
Comment: LOOP1 used once
ONES 00000028

Symbol: ONES
   Definitions
      At line 23 in file count.asm
   Uses
      At line 17 in file count.asm
Comment: ONES used once
ONEZERO 00000000

Symbol: ONEZERO
   Definitions
      At line 1 in file count.asm
   Uses
      None
Comment: ONEZERO unused
START 00000000

Symbol: START
   Definitions
      At line 5 in file count.asm
   Uses
      None
Comment: START unused
VALUE 0000004C

Symbol: VALUE



ARM Macro Assembler    Page 2 Alphabetic symbol ordering
Relocatable symbols

   Definitions
      At line 37 in file count.asm
   Uses
      At line 9 in file count.asm
Comment: VALUE used once
ZEROS 00000020

Symbol: ZEROS
   Definitions
      At line 19 in file count.asm
   Uses
      None
Comment: ZEROS unused
9 symbols
343 symbols in table
